0 info it worked if it ends with ok
1 verbose cli [ 'C:\\Program Files\\nodejs\\node.exe',
1 verbose cli   'C:\\Program Files\\nodejs\\node_modules\\npm\\bin\\npm-cli.js',
1 verbose cli   'run-script',
1 verbose cli   'start:lite-server' ]
2 info using npm@3.10.3
3 info using node@v6.3.1
4 verbose run-script [ 'prestart:lite-server',
4 verbose run-script   'start:lite-server',
4 verbose run-script   'poststart:lite-server' ]
5 info lifecycle angular2-quickstart@1.0.0~prestart:lite-server: angular2-quickstart@1.0.0
6 silly lifecycle angular2-quickstart@1.0.0~prestart:lite-server: no script for prestart:lite-server, continuing
7 info lifecycle angular2-quickstart@1.0.0~start:lite-server: angular2-quickstart@1.0.0
8 verbose lifecycle angular2-quickstart@1.0.0~start:lite-server: unsafe-perm in lifecycle true
9 verbose lifecycle angular2-quickstart@1.0.0~start:lite-server: PATH: C:\Program Files\nodejs\node_modules\npm\bin\node-gyp-bin;C:\Users\IBM_ADMIN\WebstormProjects\gateway-dashboard\gateway-ui\node_modules\.bin;C:\Program Files\nodejs;C:\ProgramData\Oracle\Java\javapath;C:\windows\system32;C:\windows;C:\windows\System32\Wbem;C:\windows\System32\WindowsPowerShell\v1.0\;C:\Program Files\IBM\Infoprint Select;C:\Program Files (x86)\IBM\Personal Communications\;C:\Program Files (x86)\IBM\Trace Facility\;C:\Program Files (x86)\Skype\Phone\;C:\Program Files\Java\jdk1.8.0_102\bin;C:\groovy\groovy-2.4.7\bin;C:\gradle\gradle-2.14.1\bin;C:\spring\spring-1.4.0.RELEASE\bin;C:\Program Files\Git\cmd;C:\Program Files\nodejs\;C:\Users\IBM_ADMIN\AppData\Roaming\npm
10 verbose lifecycle angular2-quickstart@1.0.0~start:lite-server: CWD: C:\Users\IBM_ADMIN\WebstormProjects\gateway-dashboard\gateway-ui
11 silly lifecycle angular2-quickstart@1.0.0~start:lite-server: Args: [ '/d /s /c',
11 silly lifecycle   'ng build && tsc && concurrently "tsc -w" "lite-server" ' ]
12 silly lifecycle angular2-quickstart@1.0.0~start:lite-server: Returned: code: 1  signal: null
13 info lifecycle angular2-quickstart@1.0.0~start:lite-server: Failed to exec start:lite-server script
14 verbose stack Error: angular2-quickstart@1.0.0 start:lite-server: `ng build && tsc && concurrently "tsc -w" "lite-server" `
14 verbose stack Exit status 1
14 verbose stack     at EventEmitter.<anonymous> (C:\Program Files\nodejs\node_modules\npm\lib\utils\lifecycle.js:242:16)
14 verbose stack     at emitTwo (events.js:106:13)
14 verbose stack     at EventEmitter.emit (events.js:191:7)
14 verbose stack     at ChildProcess.<anonymous> (C:\Program Files\nodejs\node_modules\npm\lib\utils\spawn.js:40:14)
14 verbose stack     at emitTwo (events.js:106:13)
14 verbose stack     at ChildProcess.emit (events.js:191:7)
14 verbose stack     at maybeClose (internal/child_process.js:852:16)
14 verbose stack     at Process.ChildProcess._handle.onexit (internal/child_process.js:215:5)
15 verbose pkgid angular2-quickstart@1.0.0
16 verbose cwd C:\Users\IBM_ADMIN\WebstormProjects\gateway-dashboard\gateway-ui
17 error Windows_NT 6.1.7601
18 error argv "C:\\Program Files\\nodejs\\node.exe" "C:\\Program Files\\nodejs\\node_modules\\npm\\bin\\npm-cli.js" "run-script" "start:lite-server"
19 error node v6.3.1
20 error npm  v3.10.3
21 error code ELIFECYCLE
22 error angular2-quickstart@1.0.0 start:lite-server: `ng build && tsc && concurrently "tsc -w" "lite-server" `
22 error Exit status 1
23 error Failed at the angular2-quickstart@1.0.0 start:lite-server script 'ng build && tsc && concurrently "tsc -w" "lite-server" '.
23 error Make sure you have the latest version of node.js and npm installed.
23 error If you do, this is most likely a problem with the angular2-quickstart package,
23 error not with npm itself.
23 error Tell the author that this fails on your system:
23 error     ng build && tsc && concurrently "tsc -w" "lite-server"
23 error You can get information on how to open an issue for this project with:
23 error     npm bugs angular2-quickstart
23 error Or if that isn't available, you can get their info via:
23 error     npm owner ls angular2-quickstart
23 error There is likely additional logging output above.
24 verbose exit [ 1, true ]
